<testsuites id="" name="" tests="165" failures="0" skipped="165" errors="0" time="0.10558899999999995">
<testsuite name="components/QuizComponent.test.ts" timestamp="2025-08-26T22:52:33.230Z" hostname="chromium" tests="8" failures="0" skipped="8" time="0" errors="0">
<testcase name="Quiz Component E2E Tests › Quiz generation and configuration" classname="components/QuizComponent.test.ts" time="0">
<skipped>
</skipped>
</testcase>
<testcase name="Quiz Component E2E Tests › Taking different question types" classname="components/QuizComponent.test.ts" time="0">
<skipped>
</skipped>
</testcase>
<testcase name="Quiz Component E2E Tests › Quiz navigation and progress tracking" classname="components/QuizComponent.test.ts" time="0">
<skipped>
</skipped>
</testcase>
<testcase name="Quiz Component E2E Tests › Quiz timer and time management" classname="components/QuizComponent.test.ts" time="0">
<skipped>
</skipped>
</testcase>
<testcase name="Quiz Component E2E Tests › Quiz results and analysis" classname="components/QuizComponent.test.ts" time="0">
<skipped>
</skipped>
</testcase>
<testcase name="Quiz Component E2E Tests › Quiz saving and sharing" classname="components/QuizComponent.test.ts" time="0">
<skipped>
</skipped>
</testcase>
<testcase name="Quiz Component E2E Tests › Quiz accessibility and keyboard navigation" classname="components/QuizComponent.test.ts" time="0">
<skipped>
</skipped>
</testcase>
<testcase name="Quiz Component E2E Tests › Quiz performance and responsiveness" classname="components/QuizComponent.test.ts" time="0">
<skipped>
</skipped>
</testcase>
</testsuite>
<testsuite name="flows/AppFlow.test.ts" timestamp="2025-08-26T22:52:33.230Z" hostname="chromium" tests="7" failures="0" skipped="7" time="0" errors="0">
<testcase name="Application Flow E2E Tests › Complete user journey: File upload to quiz completion" classname="flows/AppFlow.test.ts" time="0">
<skipped>
</skipped>
</testcase>
<testcase name="Application Flow E2E Tests › Navigation between different app states" classname="flows/AppFlow.test.ts" time="0">
<skipped>
</skipped>
</testcase>
<testcase name="Application Flow E2E Tests › Error handling and edge cases" classname="flows/AppFlow.test.ts" time="0">
<skipped>
</skipped>
</testcase>
<testcase name="Application Flow E2E Tests › Responsive design and mobile compatibility" classname="flows/AppFlow.test.ts" time="0">
<skipped>
</skipped>
</testcase>
<testcase name="Application Flow E2E Tests › Performance under load" classname="flows/AppFlow.test.ts" time="0">
<skipped>
</skipped>
</testcase>
<testcase name="Application Flow E2E Tests › Accessibility features" classname="flows/AppFlow.test.ts" time="0">
<skipped>
</skipped>
</testcase>
<testcase name="Application Flow E2E Tests › Cross-browser compatibility" classname="flows/AppFlow.test.ts" time="0">
<skipped>
</skipped>
</testcase>
</testsuite>
<testsuite name="flows/FolderManagement.test.ts" timestamp="2025-08-26T22:52:33.230Z" hostname="chromium" tests="9" failures="0" skipped="9" time="0" errors="0">
<testcase name="Folder Management E2E Tests › Create and organize folders" classname="flows/FolderManagement.test.ts" time="0">
<skipped>
</skipped>
</testcase>
<testcase name="Folder Management E2E Tests › Edit existing folders" classname="flows/FolderManagement.test.ts" time="0">
<skipped>
</skipped>
</testcase>
<testcase name="Folder Management E2E Tests › Delete folders" classname="flows/FolderManagement.test.ts" time="0">
<skipped>
</skipped>
</testcase>
<testcase name="Folder Management E2E Tests › Organize tests into folders" classname="flows/FolderManagement.test.ts" time="0">
<skipped>
</skipped>
</testcase>
<testcase name="Folder Management E2E Tests › Search and filter folders" classname="flows/FolderManagement.test.ts" time="0">
<skipped>
</skipped>
</testcase>
<testcase name="Folder Management E2E Tests › Folder sharing and collaboration" classname="flows/FolderManagement.test.ts" time="0">
<skipped>
</skipped>
</testcase>
<testcase name="Folder Management E2E Tests › Folder statistics and analytics" classname="flows/FolderManagement.test.ts" time="0">
<skipped>
</skipped>
</testcase>
<testcase name="Folder Management E2E Tests › Bulk folder operations" classname="flows/FolderManagement.test.ts" time="0">
<skipped>
</skipped>
</testcase>
<testcase name="Folder Management E2E Tests › Folder import and export" classname="flows/FolderManagement.test.ts" time="0">
<skipped>
</skipped>
</testcase>
</testsuite>
<testsuite name="flows/PlanManagement.test.ts" timestamp="2025-08-26T22:52:33.230Z" hostname="chromium" tests="9" failures="0" skipped="9" time="0" errors="0">
<testcase name="Plan Management E2E Tests › Free plan limitations and upgrade prompts" classname="flows/PlanManagement.test.ts" time="0">
<skipped>
</skipped>
</testcase>
<testcase name="Plan Management E2E Tests › Plan upgrade flow" classname="flows/PlanManagement.test.ts" time="0">
<skipped>
</skipped>
</testcase>
<testcase name="Plan Management E2E Tests › Feature gating based on plan" classname="flows/PlanManagement.test.ts" time="0">
<skipped>
</skipped>
</testcase>
<testcase name="Plan Management E2E Tests › Usage tracking and limits" classname="flows/PlanManagement.test.ts" time="0">
<skipped>
</skipped>
</testcase>
<testcase name="Plan Management E2E Tests › Plan downgrade and cancellation" classname="flows/PlanManagement.test.ts" time="0">
<skipped>
</skipped>
</testcase>
<testcase name="Plan Management E2E Tests › Billing and subscription management" classname="flows/PlanManagement.test.ts" time="0">
<skipped>
</skipped>
</testcase>
<testcase name="Plan Management E2E Tests › Student plan verification" classname="flows/PlanManagement.test.ts" time="0">
<skipped>
</skipped>
</testcase>
<testcase name="Plan Management E2E Tests › Promotional offers and discounts" classname="flows/PlanManagement.test.ts" time="0">
<skipped>
</skipped>
</testcase>
<testcase name="Plan Management E2E Tests › Plan comparison and features" classname="flows/PlanManagement.test.ts" time="0">
<skipped>
</skipped>
</testcase>
</testsuite>
<testsuite name="components/QuizComponent.test.ts" timestamp="2025-08-26T22:52:33.230Z" hostname="firefox" tests="8" failures="0" skipped="8" time="0" errors="0">
<testcase name="Quiz Component E2E Tests › Quiz generation and configuration" classname="components/QuizComponent.test.ts" time="0">
<skipped>
</skipped>
</testcase>
<testcase name="Quiz Component E2E Tests › Taking different question types" classname="components/QuizComponent.test.ts" time="0">
<skipped>
</skipped>
</testcase>
<testcase name="Quiz Component E2E Tests › Quiz navigation and progress tracking" classname="components/QuizComponent.test.ts" time="0">
<skipped>
</skipped>
</testcase>
<testcase name="Quiz Component E2E Tests › Quiz timer and time management" classname="components/QuizComponent.test.ts" time="0">
<skipped>
</skipped>
</testcase>
<testcase name="Quiz Component E2E Tests › Quiz results and analysis" classname="components/QuizComponent.test.ts" time="0">
<skipped>
</skipped>
</testcase>
<testcase name="Quiz Component E2E Tests › Quiz saving and sharing" classname="components/QuizComponent.test.ts" time="0">
<skipped>
</skipped>
</testcase>
<testcase name="Quiz Component E2E Tests › Quiz accessibility and keyboard navigation" classname="components/QuizComponent.test.ts" time="0">
<skipped>
</skipped>
</testcase>
<testcase name="Quiz Component E2E Tests › Quiz performance and responsiveness" classname="components/QuizComponent.test.ts" time="0">
<skipped>
</skipped>
</testcase>
</testsuite>
<testsuite name="flows/AppFlow.test.ts" timestamp="2025-08-26T22:52:33.230Z" hostname="firefox" tests="7" failures="0" skipped="7" time="0" errors="0">
<testcase name="Application Flow E2E Tests › Complete user journey: File upload to quiz completion" classname="flows/AppFlow.test.ts" time="0">
<skipped>
</skipped>
</testcase>
<testcase name="Application Flow E2E Tests › Navigation between different app states" classname="flows/AppFlow.test.ts" time="0">
<skipped>
</skipped>
</testcase>
<testcase name="Application Flow E2E Tests › Error handling and edge cases" classname="flows/AppFlow.test.ts" time="0">
<skipped>
</skipped>
</testcase>
<testcase name="Application Flow E2E Tests › Responsive design and mobile compatibility" classname="flows/AppFlow.test.ts" time="0">
<skipped>
</skipped>
</testcase>
<testcase name="Application Flow E2E Tests › Performance under load" classname="flows/AppFlow.test.ts" time="0">
<skipped>
</skipped>
</testcase>
<testcase name="Application Flow E2E Tests › Accessibility features" classname="flows/AppFlow.test.ts" time="0">
<skipped>
</skipped>
</testcase>
<testcase name="Application Flow E2E Tests › Cross-browser compatibility" classname="flows/AppFlow.test.ts" time="0">
<skipped>
</skipped>
</testcase>
</testsuite>
<testsuite name="flows/FolderManagement.test.ts" timestamp="2025-08-26T22:52:33.230Z" hostname="firefox" tests="9" failures="0" skipped="9" time="0" errors="0">
<testcase name="Folder Management E2E Tests › Create and organize folders" classname="flows/FolderManagement.test.ts" time="0">
<skipped>
</skipped>
</testcase>
<testcase name="Folder Management E2E Tests › Edit existing folders" classname="flows/FolderManagement.test.ts" time="0">
<skipped>
</skipped>
</testcase>
<testcase name="Folder Management E2E Tests › Delete folders" classname="flows/FolderManagement.test.ts" time="0">
<skipped>
</skipped>
</testcase>
<testcase name="Folder Management E2E Tests › Organize tests into folders" classname="flows/FolderManagement.test.ts" time="0">
<skipped>
</skipped>
</testcase>
<testcase name="Folder Management E2E Tests › Search and filter folders" classname="flows/FolderManagement.test.ts" time="0">
<skipped>
</skipped>
</testcase>
<testcase name="Folder Management E2E Tests › Folder sharing and collaboration" classname="flows/FolderManagement.test.ts" time="0">
<skipped>
</skipped>
</testcase>
<testcase name="Folder Management E2E Tests › Folder statistics and analytics" classname="flows/FolderManagement.test.ts" time="0">
<skipped>
</skipped>
</testcase>
<testcase name="Folder Management E2E Tests › Bulk folder operations" classname="flows/FolderManagement.test.ts" time="0">
<skipped>
</skipped>
</testcase>
<testcase name="Folder Management E2E Tests › Folder import and export" classname="flows/FolderManagement.test.ts" time="0">
<skipped>
</skipped>
</testcase>
</testsuite>
<testsuite name="flows/PlanManagement.test.ts" timestamp="2025-08-26T22:52:33.230Z" hostname="firefox" tests="9" failures="0" skipped="9" time="0" errors="0">
<testcase name="Plan Management E2E Tests › Free plan limitations and upgrade prompts" classname="flows/PlanManagement.test.ts" time="0">
<skipped>
</skipped>
</testcase>
<testcase name="Plan Management E2E Tests › Plan upgrade flow" classname="flows/PlanManagement.test.ts" time="0">
<skipped>
</skipped>
</testcase>
<testcase name="Plan Management E2E Tests › Feature gating based on plan" classname="flows/PlanManagement.test.ts" time="0">
<skipped>
</skipped>
</testcase>
<testcase name="Plan Management E2E Tests › Usage tracking and limits" classname="flows/PlanManagement.test.ts" time="0">
<skipped>
</skipped>
</testcase>
<testcase name="Plan Management E2E Tests › Plan downgrade and cancellation" classname="flows/PlanManagement.test.ts" time="0">
<skipped>
</skipped>
</testcase>
<testcase name="Plan Management E2E Tests › Billing and subscription management" classname="flows/PlanManagement.test.ts" time="0">
<skipped>
</skipped>
</testcase>
<testcase name="Plan Management E2E Tests › Student plan verification" classname="flows/PlanManagement.test.ts" time="0">
<skipped>
</skipped>
</testcase>
<testcase name="Plan Management E2E Tests › Promotional offers and discounts" classname="flows/PlanManagement.test.ts" time="0">
<skipped>
</skipped>
</testcase>
<testcase name="Plan Management E2E Tests › Plan comparison and features" classname="flows/PlanManagement.test.ts" time="0">
<skipped>
</skipped>
</testcase>
</testsuite>
<testsuite name="components/QuizComponent.test.ts" timestamp="2025-08-26T22:52:33.230Z" hostname="webkit" tests="8" failures="0" skipped="8" time="0" errors="0">
<testcase name="Quiz Component E2E Tests › Quiz generation and configuration" classname="components/QuizComponent.test.ts" time="0">
<skipped>
</skipped>
</testcase>
<testcase name="Quiz Component E2E Tests › Taking different question types" classname="components/QuizComponent.test.ts" time="0">
<skipped>
</skipped>
</testcase>
<testcase name="Quiz Component E2E Tests › Quiz navigation and progress tracking" classname="components/QuizComponent.test.ts" time="0">
<skipped>
</skipped>
</testcase>
<testcase name="Quiz Component E2E Tests › Quiz timer and time management" classname="components/QuizComponent.test.ts" time="0">
<skipped>
</skipped>
</testcase>
<testcase name="Quiz Component E2E Tests › Quiz results and analysis" classname="components/QuizComponent.test.ts" time="0">
<skipped>
</skipped>
</testcase>
<testcase name="Quiz Component E2E Tests › Quiz saving and sharing" classname="components/QuizComponent.test.ts" time="0">
<skipped>
</skipped>
</testcase>
<testcase name="Quiz Component E2E Tests › Quiz accessibility and keyboard navigation" classname="components/QuizComponent.test.ts" time="0">
<skipped>
</skipped>
</testcase>
<testcase name="Quiz Component E2E Tests › Quiz performance and responsiveness" classname="components/QuizComponent.test.ts" time="0">
<skipped>
</skipped>
</testcase>
</testsuite>
<testsuite name="flows/AppFlow.test.ts" timestamp="2025-08-26T22:52:33.230Z" hostname="webkit" tests="7" failures="0" skipped="7" time="0" errors="0">
<testcase name="Application Flow E2E Tests › Complete user journey: File upload to quiz completion" classname="flows/AppFlow.test.ts" time="0">
<skipped>
</skipped>
</testcase>
<testcase name="Application Flow E2E Tests › Navigation between different app states" classname="flows/AppFlow.test.ts" time="0">
<skipped>
</skipped>
</testcase>
<testcase name="Application Flow E2E Tests › Error handling and edge cases" classname="flows/AppFlow.test.ts" time="0">
<skipped>
</skipped>
</testcase>
<testcase name="Application Flow E2E Tests › Responsive design and mobile compatibility" classname="flows/AppFlow.test.ts" time="0">
<skipped>
</skipped>
</testcase>
<testcase name="Application Flow E2E Tests › Performance under load" classname="flows/AppFlow.test.ts" time="0">
<skipped>
</skipped>
</testcase>
<testcase name="Application Flow E2E Tests › Accessibility features" classname="flows/AppFlow.test.ts" time="0">
<skipped>
</skipped>
</testcase>
<testcase name="Application Flow E2E Tests › Cross-browser compatibility" classname="flows/AppFlow.test.ts" time="0">
<skipped>
</skipped>
</testcase>
</testsuite>
<testsuite name="flows/FolderManagement.test.ts" timestamp="2025-08-26T22:52:33.230Z" hostname="webkit" tests="9" failures="0" skipped="9" time="0" errors="0">
<testcase name="Folder Management E2E Tests › Create and organize folders" classname="flows/FolderManagement.test.ts" time="0">
<skipped>
</skipped>
</testcase>
<testcase name="Folder Management E2E Tests › Edit existing folders" classname="flows/FolderManagement.test.ts" time="0">
<skipped>
</skipped>
</testcase>
<testcase name="Folder Management E2E Tests › Delete folders" classname="flows/FolderManagement.test.ts" time="0">
<skipped>
</skipped>
</testcase>
<testcase name="Folder Management E2E Tests › Organize tests into folders" classname="flows/FolderManagement.test.ts" time="0">
<skipped>
</skipped>
</testcase>
<testcase name="Folder Management E2E Tests › Search and filter folders" classname="flows/FolderManagement.test.ts" time="0">
<skipped>
</skipped>
</testcase>
<testcase name="Folder Management E2E Tests › Folder sharing and collaboration" classname="flows/FolderManagement.test.ts" time="0">
<skipped>
</skipped>
</testcase>
<testcase name="Folder Management E2E Tests › Folder statistics and analytics" classname="flows/FolderManagement.test.ts" time="0">
<skipped>
</skipped>
</testcase>
<testcase name="Folder Management E2E Tests › Bulk folder operations" classname="flows/FolderManagement.test.ts" time="0">
<skipped>
</skipped>
</testcase>
<testcase name="Folder Management E2E Tests › Folder import and export" classname="flows/FolderManagement.test.ts" time="0">
<skipped>
</skipped>
</testcase>
</testsuite>
<testsuite name="flows/PlanManagement.test.ts" timestamp="2025-08-26T22:52:33.230Z" hostname="webkit" tests="9" failures="0" skipped="9" time="0" errors="0">
<testcase name="Plan Management E2E Tests › Free plan limitations and upgrade prompts" classname="flows/PlanManagement.test.ts" time="0">
<skipped>
</skipped>
</testcase>
<testcase name="Plan Management E2E Tests › Plan upgrade flow" classname="flows/PlanManagement.test.ts" time="0">
<skipped>
</skipped>
</testcase>
<testcase name="Plan Management E2E Tests › Feature gating based on plan" classname="flows/PlanManagement.test.ts" time="0">
<skipped>
</skipped>
</testcase>
<testcase name="Plan Management E2E Tests › Usage tracking and limits" classname="flows/PlanManagement.test.ts" time="0">
<skipped>
</skipped>
</testcase>
<testcase name="Plan Management E2E Tests › Plan downgrade and cancellation" classname="flows/PlanManagement.test.ts" time="0">
<skipped>
</skipped>
</testcase>
<testcase name="Plan Management E2E Tests › Billing and subscription management" classname="flows/PlanManagement.test.ts" time="0">
<skipped>
</skipped>
</testcase>
<testcase name="Plan Management E2E Tests › Student plan verification" classname="flows/PlanManagement.test.ts" time="0">
<skipped>
</skipped>
</testcase>
<testcase name="Plan Management E2E Tests › Promotional offers and discounts" classname="flows/PlanManagement.test.ts" time="0">
<skipped>
</skipped>
</testcase>
<testcase name="Plan Management E2E Tests › Plan comparison and features" classname="flows/PlanManagement.test.ts" time="0">
<skipped>
</skipped>
</testcase>
</testsuite>
<testsuite name="components/QuizComponent.test.ts" timestamp="2025-08-26T22:52:33.230Z" hostname="Mobile Chrome" tests="8" failures="0" skipped="8" time="0" errors="0">
<testcase name="Quiz Component E2E Tests › Quiz generation and configuration" classname="components/QuizComponent.test.ts" time="0">
<skipped>
</skipped>
</testcase>
<testcase name="Quiz Component E2E Tests › Taking different question types" classname="components/QuizComponent.test.ts" time="0">
<skipped>
</skipped>
</testcase>
<testcase name="Quiz Component E2E Tests › Quiz navigation and progress tracking" classname="components/QuizComponent.test.ts" time="0">
<skipped>
</skipped>
</testcase>
<testcase name="Quiz Component E2E Tests › Quiz timer and time management" classname="components/QuizComponent.test.ts" time="0">
<skipped>
</skipped>
</testcase>
<testcase name="Quiz Component E2E Tests › Quiz results and analysis" classname="components/QuizComponent.test.ts" time="0">
<skipped>
</skipped>
</testcase>
<testcase name="Quiz Component E2E Tests › Quiz saving and sharing" classname="components/QuizComponent.test.ts" time="0">
<skipped>
</skipped>
</testcase>
<testcase name="Quiz Component E2E Tests › Quiz accessibility and keyboard navigation" classname="components/QuizComponent.test.ts" time="0">
<skipped>
</skipped>
</testcase>
<testcase name="Quiz Component E2E Tests › Quiz performance and responsiveness" classname="components/QuizComponent.test.ts" time="0">
<skipped>
</skipped>
</testcase>
</testsuite>
<testsuite name="flows/AppFlow.test.ts" timestamp="2025-08-26T22:52:33.230Z" hostname="Mobile Chrome" tests="7" failures="0" skipped="7" time="0" errors="0">
<testcase name="Application Flow E2E Tests › Complete user journey: File upload to quiz completion" classname="flows/AppFlow.test.ts" time="0">
<skipped>
</skipped>
</testcase>
<testcase name="Application Flow E2E Tests › Navigation between different app states" classname="flows/AppFlow.test.ts" time="0">
<skipped>
</skipped>
</testcase>
<testcase name="Application Flow E2E Tests › Error handling and edge cases" classname="flows/AppFlow.test.ts" time="0">
<skipped>
</skipped>
</testcase>
<testcase name="Application Flow E2E Tests › Responsive design and mobile compatibility" classname="flows/AppFlow.test.ts" time="0">
<skipped>
</skipped>
</testcase>
<testcase name="Application Flow E2E Tests › Performance under load" classname="flows/AppFlow.test.ts" time="0">
<skipped>
</skipped>
</testcase>
<testcase name="Application Flow E2E Tests › Accessibility features" classname="flows/AppFlow.test.ts" time="0">
<skipped>
</skipped>
</testcase>
<testcase name="Application Flow E2E Tests › Cross-browser compatibility" classname="flows/AppFlow.test.ts" time="0">
<skipped>
</skipped>
</testcase>
</testsuite>
<testsuite name="flows/FolderManagement.test.ts" timestamp="2025-08-26T22:52:33.230Z" hostname="Mobile Chrome" tests="9" failures="0" skipped="9" time="0" errors="0">
<testcase name="Folder Management E2E Tests › Create and organize folders" classname="flows/FolderManagement.test.ts" time="0">
<skipped>
</skipped>
</testcase>
<testcase name="Folder Management E2E Tests › Edit existing folders" classname="flows/FolderManagement.test.ts" time="0">
<skipped>
</skipped>
</testcase>
<testcase name="Folder Management E2E Tests › Delete folders" classname="flows/FolderManagement.test.ts" time="0">
<skipped>
</skipped>
</testcase>
<testcase name="Folder Management E2E Tests › Organize tests into folders" classname="flows/FolderManagement.test.ts" time="0">
<skipped>
</skipped>
</testcase>
<testcase name="Folder Management E2E Tests › Search and filter folders" classname="flows/FolderManagement.test.ts" time="0">
<skipped>
</skipped>
</testcase>
<testcase name="Folder Management E2E Tests › Folder sharing and collaboration" classname="flows/FolderManagement.test.ts" time="0">
<skipped>
</skipped>
</testcase>
<testcase name="Folder Management E2E Tests › Folder statistics and analytics" classname="flows/FolderManagement.test.ts" time="0">
<skipped>
</skipped>
</testcase>
<testcase name="Folder Management E2E Tests › Bulk folder operations" classname="flows/FolderManagement.test.ts" time="0">
<skipped>
</skipped>
</testcase>
<testcase name="Folder Management E2E Tests › Folder import and export" classname="flows/FolderManagement.test.ts" time="0">
<skipped>
</skipped>
</testcase>
</testsuite>
<testsuite name="flows/PlanManagement.test.ts" timestamp="2025-08-26T22:52:33.230Z" hostname="Mobile Chrome" tests="9" failures="0" skipped="9" time="0" errors="0">
<testcase name="Plan Management E2E Tests › Free plan limitations and upgrade prompts" classname="flows/PlanManagement.test.ts" time="0">
<skipped>
</skipped>
</testcase>
<testcase name="Plan Management E2E Tests › Plan upgrade flow" classname="flows/PlanManagement.test.ts" time="0">
<skipped>
</skipped>
</testcase>
<testcase name="Plan Management E2E Tests › Feature gating based on plan" classname="flows/PlanManagement.test.ts" time="0">
<skipped>
</skipped>
</testcase>
<testcase name="Plan Management E2E Tests › Usage tracking and limits" classname="flows/PlanManagement.test.ts" time="0">
<skipped>
</skipped>
</testcase>
<testcase name="Plan Management E2E Tests › Plan downgrade and cancellation" classname="flows/PlanManagement.test.ts" time="0">
<skipped>
</skipped>
</testcase>
<testcase name="Plan Management E2E Tests › Billing and subscription management" classname="flows/PlanManagement.test.ts" time="0">
<skipped>
</skipped>
</testcase>
<testcase name="Plan Management E2E Tests › Student plan verification" classname="flows/PlanManagement.test.ts" time="0">
<skipped>
</skipped>
</testcase>
<testcase name="Plan Management E2E Tests › Promotional offers and discounts" classname="flows/PlanManagement.test.ts" time="0">
<skipped>
</skipped>
</testcase>
<testcase name="Plan Management E2E Tests › Plan comparison and features" classname="flows/PlanManagement.test.ts" time="0">
<skipped>
</skipped>
</testcase>
</testsuite>
<testsuite name="components/QuizComponent.test.ts" timestamp="2025-08-26T22:52:33.230Z" hostname="Mobile Safari" tests="8" failures="0" skipped="8" time="0" errors="0">
<testcase name="Quiz Component E2E Tests › Quiz generation and configuration" classname="components/QuizComponent.test.ts" time="0">
<skipped>
</skipped>
</testcase>
<testcase name="Quiz Component E2E Tests › Taking different question types" classname="components/QuizComponent.test.ts" time="0">
<skipped>
</skipped>
</testcase>
<testcase name="Quiz Component E2E Tests › Quiz navigation and progress tracking" classname="components/QuizComponent.test.ts" time="0">
<skipped>
</skipped>
</testcase>
<testcase name="Quiz Component E2E Tests › Quiz timer and time management" classname="components/QuizComponent.test.ts" time="0">
<skipped>
</skipped>
</testcase>
<testcase name="Quiz Component E2E Tests › Quiz results and analysis" classname="components/QuizComponent.test.ts" time="0">
<skipped>
</skipped>
</testcase>
<testcase name="Quiz Component E2E Tests › Quiz saving and sharing" classname="components/QuizComponent.test.ts" time="0">
<skipped>
</skipped>
</testcase>
<testcase name="Quiz Component E2E Tests › Quiz accessibility and keyboard navigation" classname="components/QuizComponent.test.ts" time="0">
<skipped>
</skipped>
</testcase>
<testcase name="Quiz Component E2E Tests › Quiz performance and responsiveness" classname="components/QuizComponent.test.ts" time="0">
<skipped>
</skipped>
</testcase>
</testsuite>
<testsuite name="flows/AppFlow.test.ts" timestamp="2025-08-26T22:52:33.230Z" hostname="Mobile Safari" tests="7" failures="0" skipped="7" time="0" errors="0">
<testcase name="Application Flow E2E Tests › Complete user journey: File upload to quiz completion" classname="flows/AppFlow.test.ts" time="0">
<skipped>
</skipped>
</testcase>
<testcase name="Application Flow E2E Tests › Navigation between different app states" classname="flows/AppFlow.test.ts" time="0">
<skipped>
</skipped>
</testcase>
<testcase name="Application Flow E2E Tests › Error handling and edge cases" classname="flows/AppFlow.test.ts" time="0">
<skipped>
</skipped>
</testcase>
<testcase name="Application Flow E2E Tests › Responsive design and mobile compatibility" classname="flows/AppFlow.test.ts" time="0">
<skipped>
</skipped>
</testcase>
<testcase name="Application Flow E2E Tests › Performance under load" classname="flows/AppFlow.test.ts" time="0">
<skipped>
</skipped>
</testcase>
<testcase name="Application Flow E2E Tests › Accessibility features" classname="flows/AppFlow.test.ts" time="0">
<skipped>
</skipped>
</testcase>
<testcase name="Application Flow E2E Tests › Cross-browser compatibility" classname="flows/AppFlow.test.ts" time="0">
<skipped>
</skipped>
</testcase>
</testsuite>
<testsuite name="flows/FolderManagement.test.ts" timestamp="2025-08-26T22:52:33.230Z" hostname="Mobile Safari" tests="9" failures="0" skipped="9" time="0" errors="0">
<testcase name="Folder Management E2E Tests › Create and organize folders" classname="flows/FolderManagement.test.ts" time="0">
<skipped>
</skipped>
</testcase>
<testcase name="Folder Management E2E Tests › Edit existing folders" classname="flows/FolderManagement.test.ts" time="0">
<skipped>
</skipped>
</testcase>
<testcase name="Folder Management E2E Tests › Delete folders" classname="flows/FolderManagement.test.ts" time="0">
<skipped>
</skipped>
</testcase>
<testcase name="Folder Management E2E Tests › Organize tests into folders" classname="flows/FolderManagement.test.ts" time="0">
<skipped>
</skipped>
</testcase>
<testcase name="Folder Management E2E Tests › Search and filter folders" classname="flows/FolderManagement.test.ts" time="0">
<skipped>
</skipped>
</testcase>
<testcase name="Folder Management E2E Tests › Folder sharing and collaboration" classname="flows/FolderManagement.test.ts" time="0">
<skipped>
</skipped>
</testcase>
<testcase name="Folder Management E2E Tests › Folder statistics and analytics" classname="flows/FolderManagement.test.ts" time="0">
<skipped>
</skipped>
</testcase>
<testcase name="Folder Management E2E Tests › Bulk folder operations" classname="flows/FolderManagement.test.ts" time="0">
<skipped>
</skipped>
</testcase>
<testcase name="Folder Management E2E Tests › Folder import and export" classname="flows/FolderManagement.test.ts" time="0">
<skipped>
</skipped>
</testcase>
</testsuite>
<testsuite name="flows/PlanManagement.test.ts" timestamp="2025-08-26T22:52:33.230Z" hostname="Mobile Safari" tests="9" failures="0" skipped="9" time="0" errors="0">
<testcase name="Plan Management E2E Tests › Free plan limitations and upgrade prompts" classname="flows/PlanManagement.test.ts" time="0">
<skipped>
</skipped>
</testcase>
<testcase name="Plan Management E2E Tests › Plan upgrade flow" classname="flows/PlanManagement.test.ts" time="0">
<skipped>
</skipped>
</testcase>
<testcase name="Plan Management E2E Tests › Feature gating based on plan" classname="flows/PlanManagement.test.ts" time="0">
<skipped>
</skipped>
</testcase>
<testcase name="Plan Management E2E Tests › Usage tracking and limits" classname="flows/PlanManagement.test.ts" time="0">
<skipped>
</skipped>
</testcase>
<testcase name="Plan Management E2E Tests › Plan downgrade and cancellation" classname="flows/PlanManagement.test.ts" time="0">
<skipped>
</skipped>
</testcase>
<testcase name="Plan Management E2E Tests › Billing and subscription management" classname="flows/PlanManagement.test.ts" time="0">
<skipped>
</skipped>
</testcase>
<testcase name="Plan Management E2E Tests › Student plan verification" classname="flows/PlanManagement.test.ts" time="0">
<skipped>
</skipped>
</testcase>
<testcase name="Plan Management E2E Tests › Promotional offers and discounts" classname="flows/PlanManagement.test.ts" time="0">
<skipped>
</skipped>
</testcase>
<testcase name="Plan Management E2E Tests › Plan comparison and features" classname="flows/PlanManagement.test.ts" time="0">
<skipped>
</skipped>
</testcase>
</testsuite>
</testsuites>